c:\users\bgt\source\repos\spygame\spygame\x64\debug\vc141.pdb
c:\users\bgt\source\repos\spygame\spygame\x64\debug\vc141.idb
c:\users\bgt\source\repos\spygame\spygame\x64\debug\moveplayerupcommand.obj
c:\users\bgt\source\repos\spygame\spygame\x64\debug\moveplayerrightcommand.obj
c:\users\bgt\source\repos\spygame\spygame\x64\debug\moveplayerleftcommand.obj
c:\users\bgt\source\repos\spygame\spygame\x64\debug\moveplayerdowncommand.obj
c:\users\bgt\source\repos\spygame\spygame\x64\debug\maxlevels.obj
c:\users\bgt\source\repos\spygame\spygame\x64\debug\main.obj
c:\users\bgt\source\repos\spygame\spygame\x64\debug\lineofsight.obj
c:\users\bgt\source\repos\spygame\spygame\x64\debug\leveltarget.obj
c:\users\bgt\source\repos\spygame\spygame\x64\debug\gameupdatesmediator.obj
c:\users\bgt\source\repos\spygame\spygame\x64\debug\findvacantposition.obj
c:\users\bgt\source\repos\spygame\spygame\x64\debug\enemyqueuelinkedlist.obj
c:\users\bgt\source\repos\spygame\spygame\x64\debug\enemyobjectpool.obj
c:\users\bgt\source\repos\spygame\spygame\x64\debug\enemymanager.obj
c:\users\bgt\source\repos\spygame\spygame\x64\debug\enemyfactory.obj
c:\users\bgt\source\repos\spygame\spygame\x64\debug\directionalsystem.obj
c:\users\bgt\source\repos\spygame\spygame\x64\debug\detected.obj
c:\users\bgt\source\repos\spygame\spygame\x64\debug\controlsinvoker.obj
c:\users\bgt\source\repos\spygame\spygame\x64\debug\blockmanager.obj
c:\users\bgt\source\repos\spygame\spygame\x64\debug\astar.obj
c:\users\bgt\source\repos\spygame\spygame\x64\debug\adjustdirection.obj
c:\users\bgt\source\repos\spygame\spygame\x64\debug\world.obj
c:\users\bgt\source\repos\spygame\spygame\x64\debug\twopoint.obj
c:\users\bgt\source\repos\spygame\spygame\x64\debug\stationaryrotation.obj
c:\users\bgt\source\repos\spygame\spygame\x64\debug\stationary.obj
c:\users\bgt\source\repos\spygame\spygame\x64\debug\positions.obj
c:\users\bgt\source\repos\spygame\spygame\x64\debug\player.obj
c:\users\bgt\source\repos\spygame\x64\debug\spygame.ilk
c:\users\bgt\source\repos\spygame\x64\debug\spygame.exe
c:\users\bgt\source\repos\spygame\x64\debug\spygame.pdb
c:\users\bgt\source\repos\spygame\spygame\x64\debug\spygame.tlog\cl.command.1.tlog
c:\users\bgt\source\repos\spygame\spygame\x64\debug\spygame.tlog\cl.read.1.tlog
c:\users\bgt\source\repos\spygame\spygame\x64\debug\spygame.tlog\cl.write.1.tlog
c:\users\bgt\source\repos\spygame\spygame\x64\debug\spygame.tlog\link.command.1.tlog
c:\users\bgt\source\repos\spygame\spygame\x64\debug\spygame.tlog\link.read.1.tlog
c:\users\bgt\source\repos\spygame\spygame\x64\debug\spygame.tlog\link.write.1.tlog
